<?xml version="1.0" encoding="UTF-8"?>
<testng-results ignored="0" total="1" passed="1" failed="0" skipped="0">
  <reporter-output>
  </reporter-output>
  <suite started-at="2020-07-27T21:40:27 EDT" name="Default suite" finished-at="2020-07-27T21:40:36 EDT" duration-ms="8719">
    <groups>
    </groups>
    <test started-at="2020-07-27T21:40:27 EDT" name="Default test" finished-at="2020-07-27T21:40:36 EDT" duration-ms="8719">
      <class name="test.TestClass">
        <test-method signature="testing()[pri:0, instance:test.TestClass@38c5cc4c]" started-at="2020-07-27T21:40:27 EDT" name="testing" finished-at="2020-07-27T21:40:36 EDT" duration-ms="8657" status="PASS">
          <reporter-output>
          </reporter-output>
        </test-method> <!-- testing -->
      </class> <!-- test.TestClass -->
    </test> <!-- Default test -->
  </suite> <!-- Default suite -->
</testng-results>
